<?xml version="1.0" encoding="UTF-8"?>
<testng-results ignored="0" total="1" passed="1" failed="0" skipped="0">
  <reporter-output>
  </reporter-output>
  <suite started-at="2023-07-04T13:22:37 UTC" name="Default suite" finished-at="2023-07-04T13:25:21 UTC" duration-ms="163143">
    <groups>
    </groups>
    <test started-at="2023-07-04T13:22:37 UTC" name="Default test" finished-at="2023-07-04T13:25:21 UTC" duration-ms="163143">
      <class name="pom_test.Edit_page_test">
        <test-method signature="editpage()[pri:0, instance:pom_test.Edit_page_test@95e33cc]" started-at="2023-07-04T13:22:37 UTC" name="editpage" finished-at="2023-07-04T13:25:20 UTC" duration-ms="163089" status="PASS">
          <reporter-output>
          </reporter-output>
        </test-method> <!-- editpage -->
      </class> <!-- pom_test.Edit_page_test -->
    </test> <!-- Default test -->
  </suite> <!-- Default suite -->
</testng-results>
